<?xml version="1.0" encoding="UTF-8"?>
<testng-results skipped="0" failed="2" ignored="0" total="8" passed="6">
  <reporter-output>
  </reporter-output>
  <suite name="Default suite" duration-ms="23021" started-at="2018-10-09T13:02:28Z" finished-at="2018-10-09T13:02:51Z">
    <groups>
    </groups>
    <test name="Default test" duration-ms="23021" started-at="2018-10-09T13:02:28Z" finished-at="2018-10-09T13:02:51Z">
      <class name="tests.ManageBatchTest">
        <test-method status="PASS" signature="setupDriverAndPage()[pri:0, instance:tests.ManageBatchTest@1794d431]" name="setupDriverAndPage" is-config="true" duration-ms="8526" started-at="2018-10-09T13:02:20Z" finished-at="2018-10-09T13:02:28Z">
          <reporter-output>
          </reporter-output>
        </test-method> <!-- setupDriverAndPage -->
        <test-method status="PASS" signature="checkYearFilterOptions()[pri:2, instance:tests.ManageBatchTest@1794d431]" name="checkYearFilterOptions" duration-ms="894" started-at="2018-10-09T13:02:28Z" finished-at="2018-10-09T13:02:29Z">
          <reporter-output>
          </reporter-output>
        </test-method> <!-- checkYearFilterOptions -->
        <test-method status="PASS" signature="checkBatchButton()[pri:3, instance:tests.ManageBatchTest@1794d431]" name="checkBatchButton" duration-ms="916" started-at="2018-10-09T13:02:29Z" finished-at="2018-10-09T13:02:30Z">
          <reporter-output>
          </reporter-output>
        </test-method> <!-- checkBatchButton -->
        <test-method status="PASS" signature="checkCreateBatchClose()[pri:4, instance:tests.ManageBatchTest@1794d431]" name="checkCreateBatchClose" duration-ms="1959" started-at="2018-10-09T13:02:30Z" finished-at="2018-10-09T13:02:32Z">
          <reporter-output>
          </reporter-output>
        </test-method> <!-- checkCreateBatchClose -->
        <test-method status="PASS" signature="checkCreateBatchCloseButton()[pri:5, instance:tests.ManageBatchTest@1794d431]" name="checkCreateBatchCloseButton" duration-ms="1214" started-at="2018-10-09T13:02:32Z" finished-at="2018-10-09T13:02:33Z">
          <reporter-output>
          </reporter-output>
        </test-method> <!-- checkCreateBatchCloseButton -->
        <test-method status="PASS" signature="checkSaveButton()[pri:6, instance:tests.ManageBatchTest@1794d431]" name="checkSaveButton" duration-ms="808" started-at="2018-10-09T13:02:33Z" finished-at="2018-10-09T13:02:34Z">
          <reporter-output>
          </reporter-output>
        </test-method> <!-- checkSaveButton -->
        <test-method status="PASS" signature="checkBatchCreation()[pri:7, instance:tests.ManageBatchTest@1794d431]" name="checkBatchCreation" duration-ms="4057" started-at="2018-10-09T13:02:34Z" finished-at="2018-10-09T13:02:38Z">
          <reporter-output>
          </reporter-output>
        </test-method> <!-- checkBatchCreation -->
        <test-method status="FAIL" signature="checkDateError()[pri:8, instance:tests.ManageBatchTest@1794d431]" name="checkDateError" duration-ms="7860" started-at="2018-10-09T13:02:38Z" finished-at="2018-10-09T13:02:46Z">
          <exception class="org.openqa.selenium.TimeoutException">
            <message>
              <![CDATA[Expected condition failed: waiting for invisibility of [[ChromeDriver: chrome on XP (67a01bfaab6992159ba32136003e816a)] -> id: batchModalLabel] (tried for 5 second(s) with 500 MILLISECONDS interval)
Build info: version: '3.8.1', revision: '6e95a6684b', time: '2017-12-01T18:33:54.468Z'
System info: host: 'DESKTOP-3CE3P5H', ip: '10.252.1.25', os.name: 'Windows 10', os.arch: 'amd64', os.version: '10.0', java.version: '1.8.0_181'
Driver info: org.openqa.selenium.chrome.ChromeDriver
Capabilities {acceptInsecureCerts: false, acceptSslCerts: false, applicationCacheEnabled: false, browserConnectionEnabled: false, browserName: chrome, chrome: {chromedriverVersion: 2.42.591088 (7b2b2dca23cca0..., userDataDir: C:\Users\kakas\AppData\Loca...}, cssSelectorsEnabled: true, databaseEnabled: false, goog:chromeOptions: {debuggerAddress: localhost:61475}, handlesAlerts: true, hasTouchScreen: false, javascriptEnabled: true, locationContextEnabled: true, mobileEmulationEnabled: false, nativeEvents: true, networkConnectionEnabled: false, pageLoadStrategy: normal, platform: XP, platformName: XP, rotatable: false, setWindowRect: true, takesHeapSnapshot: true, takesScreenshot: true, unexpectedAlertBehaviour: , unhandledPromptBehavior: , version: 69.0.3497.100, webStorageEnabled: true}
Session ID: 67a01bfaab6992159ba32136003e816a]]>
            </message>
            <full-stacktrace>
              <![CDATA[org.openqa.selenium.TimeoutException: Expected condition failed: waiting for invisibility of [[ChromeDriver: chrome on XP (67a01bfaab6992159ba32136003e816a)] -> id: batchModalLabel] (tried for 5 second(s) with 500 MILLISECONDS interval)
Build info: version: '3.8.1', revision: '6e95a6684b', time: '2017-12-01T18:33:54.468Z'
System info: host: 'DESKTOP-3CE3P5H', ip: '10.252.1.25', os.name: 'Windows 10', os.arch: 'amd64', os.version: '10.0', java.version: '1.8.0_181'
Driver info: org.openqa.selenium.chrome.ChromeDriver
Capabilities {acceptInsecureCerts: false, acceptSslCerts: false, applicationCacheEnabled: false, browserConnectionEnabled: false, browserName: chrome, chrome: {chromedriverVersion: 2.42.591088 (7b2b2dca23cca0..., userDataDir: C:\Users\kakas\AppData\Loca...}, cssSelectorsEnabled: true, databaseEnabled: false, goog:chromeOptions: {debuggerAddress: localhost:61475}, handlesAlerts: true, hasTouchScreen: false, javascriptEnabled: true, locationContextEnabled: true, mobileEmulationEnabled: false, nativeEvents: true, networkConnectionEnabled: false, pageLoadStrategy: normal, platform: XP, platformName: XP, rotatable: false, setWindowRect: true, takesHeapSnapshot: true, takesScreenshot: true, unexpectedAlertBehaviour: , unhandledPromptBehavior: , version: 69.0.3497.100, webStorageEnabled: true}
Session ID: 67a01bfaab6992159ba32136003e816a
at org.openqa.selenium.support.ui.WebDriverWait.timeoutException(WebDriverWait.java:82)
at org.openqa.selenium.support.ui.FluentWait.until(FluentWait.java:231)
at tests.ManageBatchTest.checkDateError(ManageBatchTest.java:185)
at sun.reflect.NativeMethodAccessorImpl.invoke0(Native Method)
at sun.reflect.NativeMethodAccessorImpl.invoke(Unknown Source)
at sun.reflect.DelegatingMethodAccessorImpl.invoke(Unknown Source)
at java.lang.reflect.Method.invoke(Unknown Source)
at org.testng.internal.MethodInvocationHelper.invokeMethod(MethodInvocationHelper.java:124)
at org.testng.internal.Invoker.invokeMethod(Invoker.java:580)
at org.testng.internal.Invoker.invokeTestMethod(Invoker.java:716)
at org.testng.internal.Invoker.invokeTestMethods(Invoker.java:988)
at org.testng.internal.TestMethodWorker.invokeTestMethods(TestMethodWorker.java:125)
at org.testng.internal.TestMethodWorker.run(TestMethodWorker.java:109)
at org.testng.TestRunner.privateRun(TestRunner.java:648)
at org.testng.TestRunner.run(TestRunner.java:505)
at org.testng.SuiteRunner.runTest(SuiteRunner.java:455)
at org.testng.SuiteRunner.runSequentially(SuiteRunner.java:450)
at org.testng.SuiteRunner.privateRun(SuiteRunner.java:415)
at org.testng.SuiteRunner.run(SuiteRunner.java:364)
at org.testng.SuiteRunnerWorker.runSuite(SuiteRunnerWorker.java:52)
at org.testng.SuiteRunnerWorker.run(SuiteRunnerWorker.java:84)
at org.testng.TestNG.runSuitesSequentially(TestNG.java:1208)
at org.testng.TestNG.runSuitesLocally(TestNG.java:1137)
at org.testng.TestNG.runSuites(TestNG.java:1049)
at org.testng.TestNG.run(TestNG.java:1017)
at org.testng.remote.AbstractRemoteTestNG.run(AbstractRemoteTestNG.java:114)
at org.testng.remote.RemoteTestNG.initAndRun(RemoteTestNG.java:251)
at org.testng.remote.RemoteTestNG.main(RemoteTestNG.java:77)
]]>
            </full-stacktrace>
          </exception> <!-- org.openqa.selenium.TimeoutException -->
          <reporter-output>
          </reporter-output>
        </test-method> <!-- checkDateError -->
        <test-method status="FAIL" signature="checkTraineesGlyph()[pri:10, instance:tests.ManageBatchTest@1794d431]" name="checkTraineesGlyph" duration-ms="5279" started-at="2018-10-09T13:02:46Z" finished-at="2018-10-09T13:02:51Z">
          <exception class="org.openqa.selenium.TimeoutException">
            <message>
              <![CDATA[Expected condition failed: waiting for invisibility of [[ChromeDriver: chrome on XP (67a01bfaab6992159ba32136003e816a)] -> class name: modal-content] (tried for 5 second(s) with 500 MILLISECONDS interval)
Build info: version: '3.8.1', revision: '6e95a6684b', time: '2017-12-01T18:33:54.468Z'
System info: host: 'DESKTOP-3CE3P5H', ip: '10.252.1.25', os.name: 'Windows 10', os.arch: 'amd64', os.version: '10.0', java.version: '1.8.0_181'
Driver info: org.openqa.selenium.chrome.ChromeDriver
Capabilities {acceptInsecureCerts: false, acceptSslCerts: false, applicationCacheEnabled: false, browserConnectionEnabled: false, browserName: chrome, chrome: {chromedriverVersion: 2.42.591088 (7b2b2dca23cca0..., userDataDir: C:\Users\kakas\AppData\Loca...}, cssSelectorsEnabled: true, databaseEnabled: false, goog:chromeOptions: {debuggerAddress: localhost:61475}, handlesAlerts: true, hasTouchScreen: false, javascriptEnabled: true, locationContextEnabled: true, mobileEmulationEnabled: false, nativeEvents: true, networkConnectionEnabled: false, pageLoadStrategy: normal, platform: XP, platformName: XP, rotatable: false, setWindowRect: true, takesHeapSnapshot: true, takesScreenshot: true, unexpectedAlertBehaviour: , unhandledPromptBehavior: , version: 69.0.3497.100, webStorageEnabled: true}
Session ID: 67a01bfaab6992159ba32136003e816a]]>
            </message>
            <full-stacktrace>
              <![CDATA[org.openqa.selenium.TimeoutException: Expected condition failed: waiting for invisibility of [[ChromeDriver: chrome on XP (67a01bfaab6992159ba32136003e816a)] -> class name: modal-content] (tried for 5 second(s) with 500 MILLISECONDS interval)
Build info: version: '3.8.1', revision: '6e95a6684b', time: '2017-12-01T18:33:54.468Z'
System info: host: 'DESKTOP-3CE3P5H', ip: '10.252.1.25', os.name: 'Windows 10', os.arch: 'amd64', os.version: '10.0', java.version: '1.8.0_181'
Driver info: org.openqa.selenium.chrome.ChromeDriver
Capabilities {acceptInsecureCerts: false, acceptSslCerts: false, applicationCacheEnabled: false, browserConnectionEnabled: false, browserName: chrome, chrome: {chromedriverVersion: 2.42.591088 (7b2b2dca23cca0..., userDataDir: C:\Users\kakas\AppData\Loca...}, cssSelectorsEnabled: true, databaseEnabled: false, goog:chromeOptions: {debuggerAddress: localhost:61475}, handlesAlerts: true, hasTouchScreen: false, javascriptEnabled: true, locationContextEnabled: true, mobileEmulationEnabled: false, nativeEvents: true, networkConnectionEnabled: false, pageLoadStrategy: normal, platform: XP, platformName: XP, rotatable: false, setWindowRect: true, takesHeapSnapshot: true, takesScreenshot: true, unexpectedAlertBehaviour: , unhandledPromptBehavior: , version: 69.0.3497.100, webStorageEnabled: true}
Session ID: 67a01bfaab6992159ba32136003e816a
at org.openqa.selenium.support.ui.WebDriverWait.timeoutException(WebDriverWait.java:82)
at org.openqa.selenium.support.ui.FluentWait.until(FluentWait.java:231)
at tests.ManageBatchTest.checkTraineesGlyph(ManageBatchTest.java:194)
at sun.reflect.NativeMethodAccessorImpl.invoke0(Native Method)
at sun.reflect.NativeMethodAccessorImpl.invoke(Unknown Source)
at sun.reflect.DelegatingMethodAccessorImpl.invoke(Unknown Source)
at java.lang.reflect.Method.invoke(Unknown Source)
at org.testng.internal.MethodInvocationHelper.invokeMethod(MethodInvocationHelper.java:124)
at org.testng.internal.Invoker.invokeMethod(Invoker.java:580)
at org.testng.internal.Invoker.invokeTestMethod(Invoker.java:716)
at org.testng.internal.Invoker.invokeTestMethods(Invoker.java:988)
at org.testng.internal.TestMethodWorker.invokeTestMethods(TestMethodWorker.java:125)
at org.testng.internal.TestMethodWorker.run(TestMethodWorker.java:109)
at org.testng.TestRunner.privateRun(TestRunner.java:648)
at org.testng.TestRunner.run(TestRunner.java:505)
at org.testng.SuiteRunner.runTest(SuiteRunner.java:455)
at org.testng.SuiteRunner.runSequentially(SuiteRunner.java:450)
at org.testng.SuiteRunner.privateRun(SuiteRunner.java:415)
at org.testng.SuiteRunner.run(SuiteRunner.java:364)
at org.testng.SuiteRunnerWorker.runSuite(SuiteRunnerWorker.java:52)
at org.testng.SuiteRunnerWorker.run(SuiteRunnerWorker.java:84)
at org.testng.TestNG.runSuitesSequentially(TestNG.java:1208)
at org.testng.TestNG.runSuitesLocally(TestNG.java:1137)
at org.testng.TestNG.runSuites(TestNG.java:1049)
at org.testng.TestNG.run(TestNG.java:1017)
at org.testng.remote.AbstractRemoteTestNG.run(AbstractRemoteTestNG.java:114)
at org.testng.remote.RemoteTestNG.initAndRun(RemoteTestNG.java:251)
at org.testng.remote.RemoteTestNG.main(RemoteTestNG.java:77)
]]>
            </full-stacktrace>
          </exception> <!-- org.openqa.selenium.TimeoutException -->
          <reporter-output>
          </reporter-output>
        </test-method> <!-- checkTraineesGlyph -->
        <test-method status="PASS" signature="cleanup()[pri:0, instance:tests.ManageBatchTest@1794d431]" name="cleanup" is-config="true" duration-ms="3703" started-at="2018-10-09T13:02:51Z" finished-at="2018-10-09T13:02:55Z">
          <reporter-output>
          </reporter-output>
        </test-method> <!-- cleanup -->
      </class> <!-- tests.ManageBatchTest -->
    </test> <!-- Default test -->
  </suite> <!-- Default suite -->
</testng-results>
