<?xml version="1.0" encoding="UTF-8"?>
<testng-results skipped="0" failed="1" ignored="0" total="2" passed="1">
  <reporter-output>
  </reporter-output>
  <suite name="Default suite" duration-ms="7545" started-at="2018-10-09T15:42:28Z" finished-at="2018-10-09T15:42:35Z">
    <groups>
    </groups>
    <test name="Default test" duration-ms="7545" started-at="2018-10-09T15:42:28Z" finished-at="2018-10-09T15:42:35Z">
      <class name="tests.ManageBatchTest">
        <test-method status="PASS" signature="setupDriverAndPage()[pri:0, instance:tests.ManageBatchTest@39c0f4a]" name="setupDriverAndPage" is-config="true" duration-ms="7909" started-at="2018-10-09T15:42:20Z" finished-at="2018-10-09T15:42:28Z">
          <reporter-output>
          </reporter-output>
        </test-method> <!-- setupDriverAndPage -->
        <test-method status="PASS" signature="checkTraineesAddTrainee()[pri:10, instance:tests.ManageBatchTest@39c0f4a]" name="checkTraineesAddTrainee" duration-ms="6273" started-at="2018-10-09T15:42:28Z" finished-at="2018-10-09T15:42:34Z">
          <reporter-output>
          </reporter-output>
        </test-method> <!-- checkTraineesAddTrainee -->
        <test-method status="FAIL" signature="checkTraineesEdit()[pri:11, instance:tests.ManageBatchTest@39c0f4a]" name="checkTraineesEdit" duration-ms="1241" started-at="2018-10-09T15:42:34Z" depends-on-methods="tests.ManageBatchTest.checkTraineesAddTrainee" finished-at="2018-10-09T15:42:35Z">
          <exception class="java.lang.AssertionError">
            <message>
              <![CDATA[expected [Dylan, Bo] but found [Dylan, Bob]]]>
            </message>
            <full-stacktrace>
              <![CDATA[java.lang.AssertionError: expected [Dylan, Bo] but found [Dylan, Bob]
at org.testng.Assert.fail(Assert.java:96)
at org.testng.Assert.failNotEquals(Assert.java:776)
at org.testng.Assert.assertEqualsImpl(Assert.java:137)
at org.testng.Assert.assertEquals(Assert.java:118)
at org.testng.Assert.assertEquals(Assert.java:453)
at org.testng.Assert.assertEquals(Assert.java:463)
at tests.ManageBatchTest.checkTraineesEdit(ManageBatchTest.java:249)
at sun.reflect.NativeMethodAccessorImpl.invoke0(Native Method)
at sun.reflect.NativeMethodAccessorImpl.invoke(Unknown Source)
at sun.reflect.DelegatingMethodAccessorImpl.invoke(Unknown Source)
at java.lang.reflect.Method.invoke(Unknown Source)
at org.testng.internal.MethodInvocationHelper.invokeMethod(MethodInvocationHelper.java:124)
at org.testng.internal.Invoker.invokeMethod(Invoker.java:580)
at org.testng.internal.Invoker.invokeTestMethod(Invoker.java:716)
at org.testng.internal.Invoker.invokeTestMethods(Invoker.java:988)
at org.testng.internal.TestMethodWorker.invokeTestMethods(TestMethodWorker.java:125)
at org.testng.internal.TestMethodWorker.run(TestMethodWorker.java:109)
at org.testng.TestRunner.privateRun(TestRunner.java:648)
at org.testng.TestRunner.run(TestRunner.java:505)
at org.testng.SuiteRunner.runTest(SuiteRunner.java:455)
at org.testng.SuiteRunner.runSequentially(SuiteRunner.java:450)
at org.testng.SuiteRunner.privateRun(SuiteRunner.java:415)
at org.testng.SuiteRunner.run(SuiteRunner.java:364)
at org.testng.SuiteRunnerWorker.runSuite(SuiteRunnerWorker.java:52)
at org.testng.SuiteRunnerWorker.run(SuiteRunnerWorker.java:84)
at org.testng.TestNG.runSuitesSequentially(TestNG.java:1208)
at org.testng.TestNG.runSuitesLocally(TestNG.java:1137)
at org.testng.TestNG.runSuites(TestNG.java:1049)
at org.testng.TestNG.run(TestNG.java:1017)
at org.testng.remote.AbstractRemoteTestNG.run(AbstractRemoteTestNG.java:114)
at org.testng.remote.RemoteTestNG.initAndRun(RemoteTestNG.java:251)
at org.testng.remote.RemoteTestNG.main(RemoteTestNG.java:77)
]]>
            </full-stacktrace>
          </exception> <!-- java.lang.AssertionError -->
          <reporter-output>
          </reporter-output>
        </test-method> <!-- checkTraineesEdit -->
        <test-method status="PASS" signature="cleanup()[pri:0, instance:tests.ManageBatchTest@39c0f4a]" name="cleanup" is-config="true" duration-ms="1707" started-at="2018-10-09T15:42:35Z" finished-at="2018-10-09T15:42:37Z">
          <reporter-output>
          </reporter-output>
        </test-method> <!-- cleanup -->
      </class> <!-- tests.ManageBatchTest -->
    </test> <!-- Default test -->
  </suite> <!-- Default suite -->
</testng-results>
