<?xml version="1.0" encoding="UTF-8"?>
<!-- Generated by org.testng.reporters.JUnitXMLReporter -->
<testsuite hostname="DESKTOP-3CE3P5H" ignored="0" name="Default test" tests="6" failures="0" timestamp="08 Oct 2018 19:16:52 GMT" time="8.203" errors="0">
  <testcase name="checkYearFilterOptions" time="0.853" classname="tests.ManageBatchTest"/>
  <testcase name="checkBatchButton" time="0.815" classname="tests.ManageBatchTest"/>
  <testcase name="checkCreateBatchClose" time="0.733" classname="tests.ManageBatchTest"/>
  <testcase name="checkCreateBatchCloseButton" time="1.48" classname="tests.ManageBatchTest"/>
  <testcase name="checkSaveButton" time="0.869" classname="tests.ManageBatchTest"/>
  <testcase name="checkBatchCreation" time="3.422" classname="tests.ManageBatchTest"/>
</testsuite> <!-- Default test -->
